# JRE version: OpenJDK Runtime Environment (11.0.11+9) (build 11.0.11+9-b60-7590822)
# Java VM: OpenJDK 64-Bit Server VM (11.0.11+9-b60-7590822, mixed mode, tiered, compressed oops, g1 gc, windows-amd64)
Heap:
 garbage-first heap   total 628736K, used 222174K [0x0000000080000000, 0x0000000100000000)
  region size 1024K, 6 young (6144K), 6 survivors (6144K)
 Metaspace       used 100206K, capacity 102990K, committed 103424K, reserved 1138688K
  class space    used 13108K, capacity 14193K, committed 14336K, reserved 1048576K
GC Heap History (20 events):
Event: 15.740 GC heap after
{Heap after GC invocations=22 (full 0):
 garbage-first heap   total 258048K, used 158880K [0x0000000080000000, 0x0000000100000000)
  region size 1024K, 8 young (8192K), 8 survivors (8192K)
 Metaspace       used 96496K, capacity 99013K, committed 100096K, reserved 1136640K
  class space    used 12467K, capacity 13391K, committed 13824K, reserved 1048576K
}
Event: 15.792 GC heap before
{Heap before GC invocations=23 (full 0):
 garbage-first heap   total 258048K, used 205984K [0x0000000080000000, 0x0000000100000000)
  region size 1024K, 54 young (55296K), 8 survivors (8192K)
 Metaspace       used 96944K, capacity 99533K, committed 100608K, reserved 1136640K
  class space    used 12516K, capacity 13466K, committed 13824K, reserved 1048576K
}
Event: 15.802 GC heap after
{Heap after GC invocations=24 (full 0):
 garbage-first heap   total 258048K, used 168769K [0x0000000080000000, 0x0000000100000000)
  region size 1024K, 7 young (7168K), 7 survivors (7168K)
 Metaspace       used 96944K, capacity 99533K, committed 100608K, reserved 1136640K
  class space    used 12516K, capacity 13466K, committed 13824K, reserved 1048576K
}
Event: 15.809 GC heap before
{Heap before GC invocations=24 (full 0):
 garbage-first heap   total 258048K, used 173889K [0x0000000080000000, 0x0000000100000000)
  region size 1024K, 12 young (12288K), 7 survivors (7168K)
 Metaspace       used 97046K, capacity 99675K, committed 100608K, reserved 1136640K
  class space    used 12551K, capacity 13529K, committed 13824K, reserved 1048576K
}
Event: 15.814 GC heap after
{Heap after GC invocations=25 (full 0):
 garbage-first heap   total 258048K, used 169343K [0x0000000080000000, 0x0000000100000000)
  region size 1024K, 2 young (2048K), 2 survivors (2048K)
 Metaspace       used 97046K, capacity 99675K, committed 100608K, reserved 1136640K
  class space    used 12551K, capacity 13529K, committed 13824K, reserved 1048576K
}
Event: 15.860 GC heap before
{Heap before GC invocations=25 (full 0):
 garbage-first heap   total 258048K, used 209279K [0x0000000080000000, 0x0000000100000000)
  region size 1024K, 41 young (41984K), 2 survivors (2048K)
 Metaspace       used 97698K, capacity 100547K, committed 100736K, reserved 1136640K
  class space    used 12735K, capacity 13852K, committed 13952K, reserved 1048576K
}
Event: 15.867 GC heap after
{Heap after GC invocations=26 (full 0):
 garbage-first heap   total 258048K, used 176481K [0x0000000080000000, 0x0000000100000000)
  region size 1024K, 6 young (6144K), 6 survivors (6144K)
 Metaspace       used 97698K, capacity 100547K, committed 100736K, reserved 1136640K
  class space    used 12735K, capacity 13852K, committed 13952K, reserved 1048576K
}
Event: 15.909 GC heap before
{Heap before GC invocations=26 (full 0):
 garbage-first heap   total 258048K, used 211297K [0x0000000080000000, 0x0000000100000000)
  region size 1024K, 41 young (41984K), 6 survivors (6144K)
 Metaspace       used 97840K, capacity 100717K, committed 100992K, reserved 1136640K
  class space    used 12760K, capacity 13867K, committed 13952K, reserved 1048576K
}
Event: 15.916 GC heap after
{Heap after GC invocations=27 (full 0):
 garbage-first heap   total 258048K, used 183959K [0x0000000080000000, 0x0000000100000000)
  region size 1024K, 6 young (6144K), 6 survivors (6144K)
 Metaspace       used 97840K, capacity 100717K, committed 100992K, reserved 1136640K
  class space    used 12760K, capacity 13867K, committed 13952K, reserved 1048576K
}
Event: 15.956 GC heap before
{Heap before GC invocations=27 (full 0):
 garbage-first heap   total 258048K, used 214679K [0x0000000080000000, 0x0000000100000000)
  region size 1024K, 36 young (36864K), 6 survivors (6144K)
 Metaspace       used 97854K, capacity 100717K, committed 100992K, reserved 1136640K
  class space    used 12764K, capacity 13867K, committed 13952K, reserved 1048576K
}
Event: 15.963 GC heap after
{Heap after GC invocations=28 (full 0):
 garbage-first heap   total 258048K, used 190201K [0x0000000080000000, 0x0000000100000000)
  region size 1024K, 5 young (5120K), 5 survivors (5120K)
 Metaspace       used 97854K, capacity 100717K, committed 100992K, reserved 1136640K
  class space    used 12764K, capacity 13867K, committed 13952K, reserved 1048576K
}
Event: 15.992 GC heap before
{Heap before GC invocations=28 (full 0):
 garbage-first heap   total 258048K, used 217849K [0x0000000080000000, 0x0000000100000000)
  region size 1024K, 32 young (32768K), 5 survivors (5120K)
 Metaspace       used 97989K, capacity 100854K, committed 100992K, reserved 1136640K
  class space    used 12794K, capacity 13913K, committed 13952K, reserved 1048576K
}
Event: 15.999 GC heap after
{Heap after GC invocations=29 (full 0):
 garbage-first heap   total 314368K, used 195584K [0x0000000080000000, 0x0000000100000000)
  region size 1024K, 4 young (4096K), 4 survivors (4096K)
 Metaspace       used 97989K, capacity 100854K, committed 100992K, reserved 1136640K
  class space    used 12794K, capacity 13913K, committed 13952K, reserved 1048576K
}
Event: 16.074 GC heap before
{Heap before GC invocations=29 (full 0):
 garbage-first heap   total 314368K, used 248832K [0x0000000080000000, 0x0000000100000000)
  region size 1024K, 56 young (57344K), 4 survivors (4096K)
 Metaspace       used 98102K, capacity 100681K, committed 101632K, reserved 1136640K
  class space    used 12738K, capacity 13716K, committed 14080K, reserved 1048576K
}
Event: 16.082 GC heap after
{Heap after GC invocations=30 (full 0):
 garbage-first heap   total 314368K, used 205076K [0x0000000080000000, 0x0000000100000000)
  region size 1024K, 7 young (7168K), 7 survivors (7168K)
 Metaspace       used 98102K, capacity 100681K, committed 101632K, reserved 1136640K
  class space    used 12738K, capacity 13716K, committed 14080K, reserved 1048576K
}
Event: 16.139 GC heap before
{Heap before GC invocations=31 (full 0):
 garbage-first heap   total 314368K, used 253204K [0x0000000080000000, 0x0000000100000000)
  region size 1024K, 55 young (56320K), 7 survivors (7168K)
 Metaspace       used 99055K, capacity 101667K, committed 102528K, reserved 1138688K
  class space    used 12931K, capacity 13939K, committed 14208K, reserved 1048576K
}
Event: 16.148 GC heap after
{Heap after GC invocations=32 (full 0):
 garbage-first heap   total 314368K, used 213796K [0x0000000080000000, 0x0000000100000000)
  region size 1024K, 7 young (7168K), 7 survivors (7168K)
 Metaspace       used 99055K, capacity 101667K, committed 102528K, reserved 1138688K
  class space    used 12931K, capacity 13939K, committed 14208K, reserved 1048576K
}
Event: 16.161 GC heap before
{Heap before GC invocations=32 (full 0):
 garbage-first heap   total 314368K, used 221988K [0x0000000080000000, 0x0000000100000000)
  region size 1024K, 15 young (15360K), 7 survivors (7168K)
 Metaspace       used 99227K, capacity 101981K, committed 102656K, reserved 1138688K
  class space    used 12960K, capacity 14023K, committed 14336K, reserved 1048576K
}
Event: 16.167 GC heap after
{Heap after GC invocations=33 (full 0):
 garbage-first heap   total 314368K, used 214483K [0x0000000080000000, 0x0000000100000000)
  region size 1024K, 2 young (2048K), 2 survivors (2048K)
 Metaspace       used 99227K, capacity 101981K, committed 102656K, reserved 1138688K
  class space    used 12960K, capacity 14023K, committed 14336K, reserved 1048576K
}
Event: 16.229 GC heap before
{Heap before GC invocations=33 (full 0):
 garbage-first heap   total 314368K, used 259539K [0x0000000080000000, 0x0000000100000000)
  region size 1024K, 46 young (47104K), 2 survivors (2048K)
 Metaspace       used 100206K, capacity 102990K, committed 103424K, reserved 1138688K
  class space    used 13108K, capacity 14193K, committed 14336K, reserved 1048576K
}

