# JRE version: OpenJDK Runtime Environment (11.0.11+9) (build 11.0.11+9-b60-7590822)
# Java VM: OpenJDK 64-Bit Server VM (11.0.11+9-b60-7590822, mixed mode, tiered, compressed oops, g1 gc, windows-amd64)
Heap:
 garbage-first heap   total 516096K, used 206690K [0x0000000080000000, 0x0000000100000000)
  region size 1024K, 12 young (12288K), 12 survivors (12288K)
 Metaspace       used 104253K, capacity 106913K, committed 109312K, reserved 1142784K
  class space    used 13394K, capacity 14413K, committed 15360K, reserved 1048576K
GC Heap History (20 events):
Event: 31.644 GC heap after
{Heap after GC invocations=22 (full 0):
 garbage-first heap   total 258048K, used 145576K [0x0000000080000000, 0x0000000100000000)
  region size 1024K, 7 young (7168K), 7 survivors (7168K)
 Metaspace       used 102551K, capacity 106084K, committed 106240K, reserved 1140736K
  class space    used 13674K, capacity 15070K, committed 15104K, reserved 1048576K
}
Event: 31.911 GC heap before
{Heap before GC invocations=22 (full 0):
 garbage-first heap   total 258048K, used 207016K [0x0000000080000000, 0x0000000100000000)
  region size 1024K, 68 young (69632K), 7 survivors (7168K)
 Metaspace       used 102039K, capacity 105014K, committed 106496K, reserved 1140736K
  class space    used 13412K, capacity 14582K, committed 15104K, reserved 1048576K
}
Event: 31.921 GC heap after
{Heap after GC invocations=23 (full 0):
 garbage-first heap   total 258048K, used 149804K [0x0000000080000000, 0x0000000100000000)
  region size 1024K, 5 young (5120K), 5 survivors (5120K)
 Metaspace       used 102039K, capacity 105014K, committed 106496K, reserved 1140736K
  class space    used 13412K, capacity 14582K, committed 15104K, reserved 1048576K
}
Event: 32.002 GC heap before
{Heap before GC invocations=24 (full 0):
 garbage-first heap   total 258048K, used 211244K [0x0000000080000000, 0x0000000100000000)
  region size 1024K, 66 young (67584K), 5 survivors (5120K)
 Metaspace       used 102277K, capacity 105289K, committed 106880K, reserved 1140736K
  class space    used 13459K, capacity 14655K, committed 15232K, reserved 1048576K
}
Event: 32.010 GC heap after
{Heap after GC invocations=25 (full 0):
 garbage-first heap   total 258048K, used 152929K [0x0000000080000000, 0x0000000100000000)
  region size 1024K, 8 young (8192K), 8 survivors (8192K)
 Metaspace       used 102277K, capacity 105289K, committed 106880K, reserved 1140736K
  class space    used 13459K, capacity 14655K, committed 15232K, reserved 1048576K
}
Event: 32.107 GC heap before
{Heap before GC invocations=25 (full 0):
 garbage-first heap   total 258048K, used 213345K [0x0000000080000000, 0x0000000100000000)
  region size 1024K, 68 young (69632K), 8 survivors (8192K)
 Metaspace       used 102625K, capacity 105707K, committed 107136K, reserved 1140736K
  class space    used 13497K, capacity 14708K, committed 15232K, reserved 1048576K
}
Event: 32.116 GC heap after
{Heap after GC invocations=26 (full 0):
 garbage-first heap   total 258048K, used 155993K [0x0000000080000000, 0x0000000100000000)
  region size 1024K, 7 young (7168K), 7 survivors (7168K)
 Metaspace       used 102625K, capacity 105707K, committed 107136K, reserved 1140736K
  class space    used 13497K, capacity 14708K, committed 15232K, reserved 1048576K
}
Event: 32.350 GC heap before
{Heap before GC invocations=26 (full 0):
 garbage-first heap   total 258048K, used 216409K [0x0000000080000000, 0x0000000100000000)
  region size 1024K, 66 young (67584K), 7 survivors (7168K)
 Metaspace       used 102684K, capacity 105241K, committed 107904K, reserved 1142784K
  class space    used 13258K, capacity 14236K, committed 15232K, reserved 1048576K
}
Event: 32.360 GC heap after
{Heap after GC invocations=27 (full 0):
 garbage-first heap   total 258048K, used 160859K [0x0000000080000000, 0x0000000100000000)
  region size 1024K, 8 young (8192K), 8 survivors (8192K)
 Metaspace       used 102684K, capacity 105241K, committed 107904K, reserved 1142784K
  class space    used 13258K, capacity 14236K, committed 15232K, reserved 1048576K
}
Event: 32.477 GC heap before
{Heap before GC invocations=28 (full 0):
 garbage-first heap   total 258048K, used 216155K [0x0000000080000000, 0x0000000100000000)
  region size 1024K, 63 young (64512K), 8 survivors (8192K)
 Metaspace       used 103504K, capacity 106239K, committed 108416K, reserved 1142784K
  class space    used 13392K, capacity 14443K, committed 15232K, reserved 1048576K
}
Event: 32.486 GC heap after
{Heap after GC invocations=29 (full 0):
 garbage-first heap   total 258048K, used 168448K [0x0000000080000000, 0x0000000100000000)
  region size 1024K, 8 young (8192K), 8 survivors (8192K)
 Metaspace       used 103504K, capacity 106239K, committed 108416K, reserved 1142784K
  class space    used 13392K, capacity 14443K, committed 15232K, reserved 1048576K
}
Event: 32.577 GC heap before
{Heap before GC invocations=29 (full 0):
 garbage-first heap   total 258048K, used 215552K [0x0000000080000000, 0x0000000100000000)
  region size 1024K, 55 young (56320K), 8 survivors (8192K)
 Metaspace       used 103813K, capacity 106535K, committed 108672K, reserved 1142784K
  class space    used 13414K, capacity 14469K, committed 15232K, reserved 1048576K
}
Event: 32.590 GC heap after
{Heap after GC invocations=30 (full 0):
 garbage-first heap   total 366592K, used 172792K [0x0000000080000000, 0x0000000100000000)
  region size 1024K, 6 young (6144K), 6 survivors (6144K)
 Metaspace       used 103813K, capacity 106535K, committed 108672K, reserved 1142784K
  class space    used 13414K, capacity 14469K, committed 15232K, reserved 1048576K
}
Event: 32.912 GC heap before
{Heap before GC invocations=31 (full 0):
 garbage-first heap   total 366592K, used 269048K [0x0000000080000000, 0x0000000100000000)
  region size 1024K, 101 young (103424K), 6 survivors (6144K)
 Metaspace       used 104132K, capacity 106900K, committed 109056K, reserved 1142784K
  class space    used 13405K, capacity 14461K, committed 15360K, reserved 1048576K
}
Event: 32.920 GC heap after
{Heap after GC invocations=32 (full 0):
 garbage-first heap   total 366592K, used 175461K [0x0000000080000000, 0x0000000100000000)
  region size 1024K, 8 young (8192K), 8 survivors (8192K)
 Metaspace       used 104132K, capacity 106900K, committed 109056K, reserved 1142784K
  class space    used 13405K, capacity 14461K, committed 15360K, reserved 1048576K
}
Event: 33.143 GC heap before
{Heap before GC invocations=32 (full 0):
 garbage-first heap   total 366592K, used 275813K [0x0000000080000000, 0x0000000100000000)
  region size 1024K, 107 young (109568K), 8 survivors (8192K)
 Metaspace       used 104192K, capacity 106980K, committed 109056K, reserved 1142784K
  class space    used 13407K, capacity 14463K, committed 15360K, reserved 1048576K
}
Event: 33.162 GC heap after
{Heap after GC invocations=33 (full 0):
 garbage-first heap   total 366592K, used 188433K [0x0000000080000000, 0x0000000100000000)
  region size 1024K, 14 young (14336K), 14 survivors (14336K)
 Metaspace       used 104192K, capacity 106980K, committed 109056K, reserved 1142784K
  class space    used 13407K, capacity 14463K, committed 15360K, reserved 1048576K
}
Event: 33.345 GC heap before
{Heap before GC invocations=33 (full 0):
 garbage-first heap   total 366592K, used 281617K [0x0000000080000000, 0x0000000100000000)
  region size 1024K, 107 young (109568K), 14 survivors (14336K)
 Metaspace       used 104192K, capacity 106913K, committed 109312K, reserved 1142784K
  class space    used 13389K, capacity 14413K, committed 15360K, reserved 1048576K
}
Event: 33.357 GC heap after
{Heap after GC invocations=34 (full 0):
 garbage-first heap   total 366592K, used 198975K [0x0000000080000000, 0x0000000100000000)
  region size 1024K, 14 young (14336K), 14 survivors (14336K)
 Metaspace       used 104192K, capacity 106913K, committed 109312K, reserved 1142784K
  class space    used 13389K, capacity 14413K, committed 15360K, reserved 1048576K
}
Event: 33.453 GC heap before
{Heap before GC invocations=35 (full 0):
 garbage-first heap   total 366592K, used 287039K [0x0000000080000000, 0x0000000100000000)
  region size 1024K, 101 young (103424K), 14 survivors (14336K)
 Metaspace       used 104253K, capacity 106913K, committed 109312K, reserved 1142784K
  class space    used 13394K, capacity 14413K, committed 15360K, reserved 1048576K
}

