# JRE version: OpenJDK Runtime Environment (11.0.11+9) (build 11.0.11+9-b60-7590822)
# Java VM: OpenJDK 64-Bit Server VM (11.0.11+9-b60-7590822, mixed mode, tiered, compressed oops, g1 gc, windows-amd64)
Heap:
 garbage-first heap   total 1004544K, used 293113K [0x0000000080000000, 0x0000000100000000)
  region size 1024K, 10 young (10240K), 10 survivors (10240K)
 Metaspace       used 123807K, capacity 127392K, committed 127700K, reserved 1159168K
  class space    used 15944K, capacity 17297K, committed 17380K, reserved 1048576K
GC Heap History (20 events):
Event: 41.644 GC heap after
{Heap after GC invocations=35 (full 0):
 garbage-first heap   total 258048K, used 196555K [0x0000000080000000, 0x0000000100000000)
  region size 1024K, 4 young (4096K), 4 survivors (4096K)
 Metaspace       used 116993K, capacity 120276K, committed 120660K, reserved 1155072K
  class space    used 14893K, capacity 16083K, committed 16228K, reserved 1048576K
}
Event: 41.668 GC heap before
{Heap before GC invocations=36 (full 0):
 garbage-first heap   total 258048K, used 217035K [0x0000000080000000, 0x0000000100000000)
  region size 1024K, 25 young (25600K), 4 survivors (4096K)
 Metaspace       used 117452K, capacity 120733K, committed 120916K, reserved 1155072K
  class space    used 14944K, capacity 16149K, committed 16228K, reserved 1048576K
}
Event: 41.674 GC heap after
{Heap after GC invocations=37 (full 0):
 garbage-first heap   total 310272K, used 201476K [0x0000000080000000, 0x0000000100000000)
  region size 1024K, 4 young (4096K), 4 survivors (4096K)
 Metaspace       used 117452K, capacity 120733K, committed 120916K, reserved 1155072K
  class space    used 14944K, capacity 16149K, committed 16228K, reserved 1048576K
}
Event: 41.697 GC heap before
{Heap before GC invocations=37 (full 0):
 garbage-first heap   total 310272K, used 211716K [0x0000000080000000, 0x0000000100000000)
  region size 1024K, 15 young (15360K), 4 survivors (4096K)
 Metaspace       used 117715K, capacity 120958K, committed 121300K, reserved 1155072K
  class space    used 14992K, capacity 16181K, committed 16356K, reserved 1048576K
}
Event: 41.700 GC heap after
{Heap after GC invocations=38 (full 0):
 garbage-first heap   total 310272K, used 203724K [0x0000000080000000, 0x0000000100000000)
  region size 1024K, 2 young (2048K), 2 survivors (2048K)
 Metaspace       used 117715K, capacity 120958K, committed 121300K, reserved 1155072K
  class space    used 14992K, capacity 16181K, committed 16356K, reserved 1048576K
}
Event: 41.761 GC heap before
{Heap before GC invocations=38 (full 0):
 garbage-first heap   total 310272K, used 241612K [0x0000000080000000, 0x0000000100000000)
  region size 1024K, 40 young (40960K), 2 survivors (2048K)
 Metaspace       used 118384K, capacity 121736K, committed 121812K, reserved 1155072K
  class space    used 15086K, capacity 16320K, committed 16356K, reserved 1048576K
}
Event: 41.769 GC heap after
{Heap after GC invocations=39 (full 0):
 garbage-first heap   total 310272K, used 211956K [0x0000000080000000, 0x0000000100000000)
  region size 1024K, 5 young (5120K), 5 survivors (5120K)
 Metaspace       used 118384K, capacity 121736K, committed 121812K, reserved 1155072K
  class space    used 15086K, capacity 16320K, committed 16356K, reserved 1048576K
}
Event: 41.805 GC heap before
{Heap before GC invocations=39 (full 0):
 garbage-first heap   total 310272K, used 248820K [0x0000000080000000, 0x0000000100000000)
  region size 1024K, 41 young (41984K), 5 survivors (5120K)
 Metaspace       used 118563K, capacity 121922K, committed 122196K, reserved 1155072K
  class space    used 15115K, capacity 16358K, committed 16484K, reserved 1048576K
}
Event: 41.812 GC heap after
{Heap after GC invocations=40 (full 0):
 garbage-first heap   total 310272K, used 219678K [0x0000000080000000, 0x0000000100000000)
  region size 1024K, 6 young (6144K), 6 survivors (6144K)
 Metaspace       used 118563K, capacity 121922K, committed 122196K, reserved 1155072K
  class space    used 15115K, capacity 16358K, committed 16484K, reserved 1048576K
}
Event: 41.844 GC heap before
{Heap before GC invocations=40 (full 0):
 garbage-first heap   total 310272K, used 253470K [0x0000000080000000, 0x0000000100000000)
  region size 1024K, 39 young (39936K), 6 survivors (6144K)
 Metaspace       used 118879K, capacity 122240K, committed 122452K, reserved 1155072K
  class space    used 15163K, capacity 16399K, committed 16484K, reserved 1048576K
}
Event: 41.850 GC heap after
{Heap after GC invocations=41 (full 0):
 garbage-first heap   total 310272K, used 226113K [0x0000000080000000, 0x0000000100000000)
  region size 1024K, 5 young (5120K), 5 survivors (5120K)
 Metaspace       used 118879K, capacity 122240K, committed 122452K, reserved 1155072K
  class space    used 15163K, capacity 16399K, committed 16484K, reserved 1048576K
}
Event: 41.882 GC heap before
{Heap before GC invocations=41 (full 0):
 garbage-first heap   total 310272K, used 256833K [0x0000000080000000, 0x0000000100000000)
  region size 1024K, 36 young (36864K), 5 survivors (5120K)
 Metaspace       used 119344K, capacity 122689K, committed 122836K, reserved 1155072K
  class space    used 15254K, capacity 16507K, committed 16612K, reserved 1048576K
}
Event: 41.892 GC heap after
{Heap after GC invocations=42 (full 0):
 garbage-first heap   total 527360K, used 232951K [0x0000000080000000, 0x0000000100000000)
  region size 1024K, 5 young (5120K), 5 survivors (5120K)
 Metaspace       used 119344K, capacity 122689K, committed 122836K, reserved 1155072K
  class space    used 15254K, capacity 16507K, committed 16612K, reserved 1048576K
}
Event: 42.060 GC heap before
{Heap before GC invocations=43 (full 0):
 garbage-first heap   total 527360K, used 341495K [0x0000000080000000, 0x0000000100000000)
  region size 1024K, 112 young (114688K), 5 survivors (5120K)
 Metaspace       used 120801K, capacity 124292K, committed 124372K, reserved 1157120K
  class space    used 15525K, capacity 16809K, committed 16868K, reserved 1048576K
}
Event: 42.079 GC heap after
{Heap after GC invocations=44 (full 0):
 garbage-first heap   total 527360K, used 253595K [0x0000000080000000, 0x0000000100000000)
  region size 1024K, 14 young (14336K), 14 survivors (14336K)
 Metaspace       used 120801K, capacity 124292K, committed 124372K, reserved 1157120K
  class space    used 15525K, capacity 16809K, committed 16868K, reserved 1048576K
}
Event: 42.205 GC heap before
{Heap before GC invocations=44 (full 0):
 garbage-first heap   total 527360K, used 362139K [0x0000000080000000, 0x0000000100000000)
  region size 1024K, 120 young (122880K), 14 survivors (14336K)
 Metaspace       used 122384K, capacity 125897K, committed 126164K, reserved 1159168K
  class space    used 15779K, capacity 17080K, committed 17124K, reserved 1048576K
}
Event: 42.221 GC heap after
{Heap after GC invocations=45 (full 0):
 garbage-first heap   total 527360K, used 269016K [0x0000000080000000, 0x0000000100000000)
  region size 1024K, 15 young (15360K), 15 survivors (15360K)
 Metaspace       used 122384K, capacity 125897K, committed 126164K, reserved 1159168K
  class space    used 15779K, capacity 17080K, committed 17124K, reserved 1048576K
}
Event: 42.327 GC heap before
{Heap before GC invocations=45 (full 0):
 garbage-first heap   total 527360K, used 377560K [0x0000000080000000, 0x0000000100000000)
  region size 1024K, 121 young (123904K), 15 survivors (15360K)
 Metaspace       used 123030K, capacity 126585K, committed 126804K, reserved 1159168K
  class space    used 15844K, capacity 17157K, committed 17252K, reserved 1048576K
}
Event: 42.340 GC heap after
{Heap after GC invocations=46 (full 0):
 garbage-first heap   total 527360K, used 283470K [0x0000000080000000, 0x0000000100000000)
  region size 1024K, 14 young (14336K), 14 survivors (14336K)
 Metaspace       used 123030K, capacity 126585K, committed 126804K, reserved 1159168K
  class space    used 15844K, capacity 17157K, committed 17252K, reserved 1048576K
}
Event: 42.448 GC heap before
{Heap before GC invocations=46 (full 0):
 garbage-first heap   total 527360K, used 392014K [0x0000000080000000, 0x0000000100000000)
  region size 1024K, 120 young (122880K), 14 survivors (14336K)
 Metaspace       used 123807K, capacity 127392K, committed 127700K, reserved 1159168K
  class space    used 15944K, capacity 17297K, committed 17380K, reserved 1048576K
}

