# JRE version: OpenJDK Runtime Environment (11.0.11+9) (build 11.0.11+9-b60-7590822)
# Java VM: OpenJDK 64-Bit Server VM (11.0.11+9-b60-7590822, mixed mode, tiered, compressed oops, g1 gc, windows-amd64)
Heap:
 garbage-first heap   total 258048K, used 9410K [0x0000000704600000, 0x0000000800000000)
  region size 1024K, 4 young (4096K), 4 survivors (4096K)
 Metaspace       used 22501K, capacity 22704K, committed 22784K, reserved 1097728K
  class space    used 2408K, capacity 2492K, committed 2560K, reserved 1048576K
GC Heap History (6 events):
Event: 0.631 GC heap before
{Heap before GC invocations=0 (full 0):
 garbage-first heap   total 258048K, used 27648K [0x0000000704600000, 0x0000000800000000)
  region size 1024K, 24 young (24576K), 0 survivors (0K)
 Metaspace       used 12338K, capacity 12501K, committed 12800K, reserved 1060864K
  class space    used 1160K, capacity 1206K, committed 1280K, reserved 1048576K
}
Event: 0.635 GC heap after
{Heap after GC invocations=1 (full 0):
 garbage-first heap   total 258048K, used 5831K [0x0000000704600000, 0x0000000800000000)
  region size 1024K, 3 young (3072K), 3 survivors (3072K)
 Metaspace       used 12338K, capacity 12501K, committed 12800K, reserved 1060864K
  class space    used 1160K, capacity 1206K, committed 1280K, reserved 1048576K
}
Event: 1.296 GC heap before
{Heap before GC invocations=1 (full 0):
 garbage-first heap   total 258048K, used 40647K [0x0000000704600000, 0x0000000800000000)
  region size 1024K, 38 young (38912K), 3 survivors (3072K)
 Metaspace       used 20921K, capacity 21118K, committed 21248K, reserved 1075200K
  class space    used 2199K, capacity 2280K, committed 2304K, reserved 1048576K
}
Event: 1.307 GC heap after
{Heap after GC invocations=2 (full 0):
 garbage-first heap   total 258048K, used 9172K [0x0000000704600000, 0x0000000800000000)
  region size 1024K, 6 young (6144K), 6 survivors (6144K)
 Metaspace       used 20921K, capacity 21118K, committed 21248K, reserved 1075200K
  class space    used 2199K, capacity 2280K, committed 2304K, reserved 1048576K
}
Event: 1.349 GC heap before
{Heap before GC invocations=3 (full 0):
 garbage-first heap   total 258048K, used 11220K [0x0000000704600000, 0x0000000800000000)
  region size 1024K, 9 young (9216K), 6 survivors (6144K)
 Metaspace       used 21330K, capacity 21508K, committed 21632K, reserved 1085440K
  class space    used 2258K, capacity 2346K, committed 2432K, reserved 1048576K
}
Event: 1.355 GC heap after
{Heap after GC invocations=4 (full 0):
 garbage-first heap   total 258048K, used 9373K [0x0000000704600000, 0x0000000800000000)
  region size 1024K, 4 young (4096K), 4 survivors (4096K)
 Metaspace       used 21330K, capacity 21508K, committed 21632K, reserved 1085440K
  class space    used 2258K, capacity 2346K, committed 2432K, reserved 1048576K
}

